
> expense-tracker-frontend@0.1.0 dev
> vite --host 127.0.0.1


  [32m[1mVITE[22m v5.4.21[39m  [2mready in [0m[1m1163[22m[2m[0m ms[22m

  [32m➜[39m  [1mLocal[22m:   [36mhttp://127.0.0.1:[1m5173[22m/[39m
[2m10:27:42 am[22m [36m[1m[vite][22m[39m [32mhmr update [39m[2m/src/pages/Profile.jsx, /src/index.css[22m
[2m10:27:49 am[22m [36m[1m[vite][22m[39m [32mhmr update [39m[2m/src/pages/Profile.jsx, /src/index.css[22m
[2m10:27:51 am[22m [36m[1m[vite][22m[39m [32mhmr update [39m[2m/src/pages/Profile.jsx, /src/index.css[22m
[2m10:27:56 am[22m [36m[1m[vite][22m[39m [32mhmr update [39m[2m/src/pages/Profile.jsx, /src/index.css[22m
[2m10:27:58 am[22m [36m[1m[vite][22m[39m [32mhmr update [39m[2m/src/pages/Profile.jsx, /src/index.css[22m
[2m10:28:03 am[22m [36m[1m[vite][22m[39m [32mhmr update [39m[2m/src/pages/Profile.jsx, /src/index.css[22m
[2m10:28:10 am[22m [36m[1m[vite][22m[39m [32mhmr update [39m[2m/src/pages/Profile.jsx, /src/index.css[22m
[2m10:28:17 am[22m [36m[1m[vite][22m[39m [32mhmr update [39m[2m/src/pages/Profile.jsx, /src/index.css[22m
[2m10:28:21 am[22m [36m[1m[vite][22m[39m [32mhmr update [39m[2m/src/pages/Profile.jsx, /src/index.css[22m
[2m10:28:31 am[22m [36m[1m[vite][22m[39m [32mhmr update [39m[2m/src/pages/Profile.jsx, /src/index.css[22m
[2m10:28:34 am[22m [36m[1m[vite][22m[39m [32mhmr update [39m[2m/src/pages/Profile.jsx, /src/index.css[22m
[2m10:28:38 am[22m [36m[1m[vite][22m[39m [32mhmr update [39m[2m/src/pages/Profile.jsx, /src/index.css[22m
[2m10:28:58 am[22m [36m[1m[vite][22m[39m [32mhmr update [39m[2m/src/pages/Profile.jsx, /src/index.css[22m
[2m10:32:07 am[22m [36m[1m[vite][22m[39m [32mhmr update [39m[2m/src/pages/Profile.jsx, /src/index.css[22m
[2m10:32:11 am[22m [36m[1m[vite][22m[39m [32mhmr update [39m[2m/src/pages/Profile.jsx, /src/index.css[22m
[2m10:32:58 am[22m [36m[1m[vite][22m[39m [32mhmr update [39m[2m/src/pages/Profile.jsx, /src/index.css[22m
[2m11:00:32 am[22m [36m[1m[vite][22m[39m [32mhmr update [39m[2m/src/pages/Profile.jsx, /src/index.css[22m
[2m11:09:58 am[22m [36m[1m[vite][22m[39m [32mhmr update [39m[2m/src/components/MainLayout.jsx, /src/index.css[22m
[2m11:09:59 am[22m [36m[1m[vite][22m[39m [32mhmr update [39m[2m/src/components/MainLayout.jsx, /src/index.css[22m
[2m11:10:18 am[22m [36m[1m[vite][22m[39m [32mhmr update [39m[2m/src/components/MainLayout.jsx, /src/index.css[22m
[2m11:10:19 am[22m [36m[1m[vite][22m[39m [32mhmr update [39m[2m/src/components/MainLayout.jsx, /src/index.css[22m
[2m11:10:45 am[22m [36m[1m[vite][22m[39m [32mhmr update [39m[2m/src/components/MainLayout.jsx, /src/index.css[22m
[2m11:11:14 am[22m [36m[1m[vite][22m[39m [32mhmr update [39m[2m/src/components/MainLayout.jsx, /src/index.css[22m
[2m11:11:21 am[22m [36m[1m[vite][22m[39m [32mhmr update [39m[2m/src/components/MainLayout.jsx, /src/index.css[22m
[2m11:17:22 am[22m [36m[1m[vite][22m[39m [32mhmr update [39m[2m/src/components/MainLayout.jsx, /src/index.css[22m
[2m11:17:56 am[22m [36m[1m[vite][22m[39m [32mhmr update [39m[2m/src/components/MainLayout.jsx, /src/index.css[22m
[2m11:31:31 am[22m [36m[1m[vite][22m[39m [32mhmr update [39m[2m/src/pages/Profile.jsx, /src/index.css[22m
[2m11:31:37 am[22m [36m[1m[vite][22m[39m [32mhmr update [39m[2m/src/pages/Profile.jsx, /src/index.css[22m
[2m11:31:47 am[22m [36m[1m[vite][22m[39m [32mhmr update [39m[2m/src/pages/Profile.jsx, /src/index.css[22m
[2m11:31:48 am[22m [36m[1m[vite][22m[39m [32mhmr update [39m[2m/src/pages/Profile.jsx, /src/index.css[22m
[2m11:31:54 am[22m [36m[1m[vite][22m[39m [32mhmr update [39m[2m/src/pages/Profile.jsx, /src/index.css[22m
[2m11:31:57 am[22m [36m[1m[vite][22m[39m [32mhmr update [39m[2m/src/pages/Profile.jsx, /src/index.css[22m
[2m11:31:58 am[22m [36m[1m[vite][22m[39m [32mhmr update [39m[2m/src/pages/Profile.jsx, /src/index.css[22m
[2m11:32:00 am[22m [36m[1m[vite][22m[39m [32mhmr update [39m[2m/src/pages/Profile.jsx, /src/index.css[22m
[2m12:02:18 pm[22m [36m[1m[vite][22m[39m [32mhmr update [39m[2m/src/pages/Profile.jsx, /src/index.css[22m
[2m12:46:50 pm[22m [36m[1m[vite][22m[39m [32mhmr update [39m[2m/src/components/MainLayout.jsx, /src/index.css[22m
[2m12:46:52 pm[22m [36m[1m[vite][22m[39m [32mhmr update [39m[2m/src/components/MainLayout.jsx, /src/index.css[22m
[2m12:48:43 pm[22m [36m[1m[vite][22m[39m [32mhmr update [39m[2m/src/components/MainLayout.jsx, /src/index.css[22m
[2m12:48:43 pm[22m [36m[1m[vite][22m[39m [32mhmr update [39m[2m/src/components/MainLayout.jsx, /src/index.css[22m
[2m12:48:44 pm[22m [36m[1m[vite][22m[39m [32mhmr update [39m[2m/src/components/MainLayout.jsx, /src/index.css[22m
[2m12:48:48 pm[22m [36m[1m[vite][22m[39m [32mhmr update [39m[2m/src/components/MainLayout.jsx, /src/index.css[22m
[2m12:52:34 pm[22m [36m[1m[vite][22m[39m [32mhmr update [39m[2m/src/components/MainLayout.jsx, /src/index.css[22m
[2m12:52:37 pm[22m [36m[1m[vite][22m[39m [32mhmr update [39m[2m/src/components/MainLayout.jsx, /src/index.css[22m
[2m1:05:06 pm[22m [36m[1m[vite][22m[39m [32mhmr update [39m[2m/src/components/MainLayout.jsx, /src/index.css[22m
[2m1:05:20 pm[22m [36m[1m[vite][22m[39m [32mhmr update [39m[2m/src/components/MainLayout.jsx, /src/index.css[22m
[2m1:05:22 pm[22m [36m[1m[vite][22m[39m [32mhmr update [39m[2m/src/components/MainLayout.jsx, /src/index.css[22m
[2m1:05:26 pm[22m [36m[1m[vite][22m[39m [32mhmr update [39m[2m/src/components/MainLayout.jsx, /src/index.css[22m
[2m1:15:40 pm[22m [36m[1m[vite][22m[39m [32mhmr update [39m[2m/src/components/MainLayout.jsx, /src/index.css[22m
[2m1:15:44 pm[22m [36m[1m[vite][22m[39m [32mhmr update [39m[2m/src/components/MainLayout.jsx, /src/index.css[22m
[2m1:16:26 pm[22m [36m[1m[vite][22m[39m [32mhmr update [39m[2m/src/components/MainLayout.jsx, /src/index.css[22m
[2m1:16:28 pm[22m [36m[1m[vite][22m[39m [32mhmr update [39m[2m/src/components/MainLayout.jsx, /src/index.css[22m
[2m1:16:33 pm[22m [36m[1m[vite][22m[39m [32mhmr update [39m[2m/src/components/MainLayout.jsx, /src/index.css[22m
[2m1:16:51 pm[22m [36m[1m[vite][22m[39m [32mhmr update [39m[2m/src/components/MainLayout.jsx, /src/index.css[22m
[2m1:16:57 pm[22m [36m[1m[vite][22m[39m [32mhmr update [39m[2m/src/components/MainLayout.jsx, /src/index.css[22m
[2m1:16:58 pm[22m [36m[1m[vite][22m[39m [32mhmr update [39m[2m/src/components/MainLayout.jsx, /src/index.css[22m
[2m1:17:00 pm[22m [36m[1m[vite][22m[39m [32mhmr update [39m[2m/src/components/MainLayout.jsx, /src/index.css[22m
[2m1:17:05 pm[22m [36m[1m[vite][22m[39m [32mhmr update [39m[2m/src/components/MainLayout.jsx, /src/index.css[22m
[2m1:17:15 pm[22m [36m[1m[vite][22m[39m [32mhmr update [39m[2m/src/components/MainLayout.jsx, /src/index.css[22m
[2m1:17:24 pm[22m [36m[1m[vite][22m[39m [32mhmr update [39m[2m/src/components/MainLayout.jsx, /src/index.css[22m
[2m1:17:25 pm[22m [36m[1m[vite][22m[39m [32mhmr update [39m[2m/src/components/MainLayout.jsx, /src/index.css[22m
[2m1:19:01 pm[22m [36m[1m[vite][22m[39m [32mhmr update [39m[2m/src/components/MainLayout.jsx, /src/index.css[22m
[2m1:20:53 pm[22m [36m[1m[vite][22m[39m [32mhmr update [39m[2m/src/components/MainLayout.jsx, /src/index.css[22m
[2m1:21:14 pm[22m [36m[1m[vite][22m[39m [32mhmr update [39m[2m/src/components/MainLayout.jsx, /src/index.css[22m
[2m1:21:26 pm[22m [36m[1m[vite][22m[39m [32mhmr update [39m[2m/src/components/MainLayout.jsx, /src/index.css[22m
[2m1:21:46 pm[22m [36m[1m[vite][22m[39m [32mhmr update [39m[2m/src/components/MainLayout.jsx, /src/index.css[22m
[2m1:21:56 pm[22m [36m[1m[vite][22m[39m [32mhmr update [39m[2m/src/components/MainLayout.jsx, /src/index.css[22m
[2m1:22:17 pm[22m [36m[1m[vite][22m[39m [32mhmr update [39m[2m/src/components/MainLayout.jsx, /src/index.css[22m
[2m1:22:40 pm[22m [36m[1m[vite][22m[39m [32mhmr update [39m[2m/src/components/MainLayout.jsx, /src/index.css[22m
[2m1:28:08 pm[22m [36m[1m[vite][22m[39m [32mhmr update [39m[2m/src/components/MainLayout.jsx, /src/index.css[22m
[2m1:28:09 pm[22m [36m[1m[vite][22m[39m [32mhmr update [39m[2m/src/components/MainLayout.jsx, /src/index.css[22m
[2m1:28:11 pm[22m [36m[1m[vite][22m[39m [32mhmr update [39m[2m/src/components/MainLayout.jsx, /src/index.css[22m
[2m1:28:21 pm[22m [36m[1m[vite][22m[39m [32mhmr update [39m[2m/src/components/MainLayout.jsx, /src/index.css[22m
[2m1:28:24 pm[22m [36m[1m[vite][22m[39m [32mhmr update [39m[2m/src/components/MainLayout.jsx, /src/index.css[22m
[2m1:28:27 pm[22m [36m[1m[vite][22m[39m [32mhmr update [39m[2m/src/components/MainLayout.jsx, /src/index.css[22m
[2m1:28:33 pm[22m [36m[1m[vite][22m[39m [32mhmr update [39m[2m/src/components/MainLayout.jsx, /src/index.css[22m
[2m1:28:43 pm[22m [36m[1m[vite][22m[39m [32mhmr update [39m[2m/src/components/MainLayout.jsx, /src/index.css[22m
[2m1:28:55 pm[22m [36m[1m[vite][22m[39m [32mhmr update [39m[2m/src/components/MainLayout.jsx, /src/index.css[22m
[2m1:29:13 pm[22m [36m[1m[vite][22m[39m [32mhmr update [39m[2m/src/components/MainLayout.jsx, /src/index.css[22m
[2m1:29:15 pm[22m [36m[1m[vite][22m[39m [32mhmr update [39m[2m/src/components/MainLayout.jsx, /src/index.css[22m
[2m1:29:16 pm[22m [36m[1m[vite][22m[39m [32mhmr update [39m[2m/src/components/MainLayout.jsx, /src/index.css[22m
[2m1:29:23 pm[22m [36m[1m[vite][22m[39m [32mhmr update [39m[2m/src/components/MainLayout.jsx, /src/index.css[22m
[2m1:29:30 pm[22m [36m[1m[vite][22m[39m [32mhmr update [39m[2m/src/components/MainLayout.jsx, /src/index.css[22m
[2m1:29:38 pm[22m [36m[1m[vite][22m[39m [32mhmr update [39m[2m/src/components/MainLayout.jsx, /src/index.css[22m
[2m1:29:41 pm[22m [36m[1m[vite][22m[39m [32mhmr update [39m[2m/src/components/MainLayout.jsx, /src/index.css[22m
[2m1:29:59 pm[22m [36m[1m[vite][22m[39m [32mhmr update [39m[2m/src/components/MainLayout.jsx, /src/index.css[22m
[2m1:31:05 pm[22m [36m[1m[vite][22m[39m [32mhmr update [39m[2m/src/pages/Dashboard.jsx, /src/index.css[22m
[2m1:31:46 pm[22m [36m[1m[vite][22m[39m [32mhmr update [39m[2m/src/pages/Dashboard.jsx, /src/index.css[22m
[2m1:31:52 pm[22m [36m[1m[vite][22m[39m [32mhmr update [39m[2m/src/pages/Dashboard.jsx, /src/index.css[22m
[2m1:32:00 pm[22m [36m[1m[vite][22m[39m [32mhmr update [39m[2m/src/pages/Dashboard.jsx, /src/index.css[22m
[2m1:32:16 pm[22m [36m[1m[vite][22m[39m [32mhmr update [39m[2m/src/pages/Dashboard.jsx, /src/index.css[22m
[2m1:32:28 pm[22m [36m[1m[vite][22m[39m [32mhmr update [39m[2m/src/pages/Dashboard.jsx, /src/index.css[22m
[2m1:32:30 pm[22m [36m[1m[vite][22m[39m [32mhmr update [39m[2m/src/pages/Dashboard.jsx, /src/index.css[22m
[2m1:32:32 pm[22m [36m[1m[vite][22m[39m [32mhmr update [39m[2m/src/pages/Dashboard.jsx, /src/index.css[22m
[2m1:32:37 pm[22m [36m[1m[vite][22m[39m [32mhmr update [39m[2m/src/pages/Dashboard.jsx, /src/index.css[22m
[2m1:32:39 pm[22m [36m[1m[vite][22m[39m [32mhmr update [39m[2m/src/pages/Dashboard.jsx, /src/index.css[22m
[2m1:52:01 pm[22m [36m[1m[vite][22m[39m [32mhmr update [39m[2m/src/pages/Dashboard.jsx, /src/index.css[22m
[2m2:18:35 pm[22m [36m[1m[vite][22m[39m [32mhmr update [39m[2m/src/pages/Dashboard.jsx, /src/index.css[22m
[2m2:20:44 pm[22m [36m[1m[vite][22m[39m [32mhmr update [39m[2m/src/pages/Dashboard.jsx, /src/index.css[22m
[2m2:20:46 pm[22m [36m[1m[vite][22m[39m [32mhmr update [39m[2m/src/pages/Dashboard.jsx, /src/index.css[22m
[2m2:21:09 pm[22m [36m[1m[vite][22m[39m [32mhmr update [39m[2m/src/pages/Dashboard.jsx, /src/index.css[22m
[2m2:21:12 pm[22m [36m[1m[vite][22m[39m [32mhmr update [39m[2m/src/pages/Dashboard.jsx, /src/index.css[22m
[2m2:21:30 pm[22m [36m[1m[vite][22m[39m [32mhmr update [39m[2m/src/pages/Dashboard.jsx, /src/index.css[22m
[2m2:22:02 pm[22m [36m[1m[vite][22m[39m [32mhmr update [39m[2m/src/pages/Dashboard.jsx, /src/index.css[22m
[2m2:22:11 pm[22m [36m[1m[vite][22m[39m [32mhmr update [39m[2m/src/pages/Dashboard.jsx, /src/index.css[22m
[2m2:22:34 pm[22m [36m[1m[vite][22m[39m [32mhmr update [39m[2m/src/pages/Dashboard.jsx, /src/index.css[22m
[2m2:22:35 pm[22m [36m[1m[vite][22m[39m [32mhmr update [39m[2m/src/pages/Dashboard.jsx, /src/index.css[22m
[2m2:22:39 pm[22m [36m[1m[vite][22m[39m [32mhmr update [39m[2m/src/pages/Dashboard.jsx, /src/index.css[22m
[2m2:22:42 pm[22m [36m[1m[vite][22m[39m [32mhmr update [39m[2m/src/pages/Dashboard.jsx, /src/index.css[22m
[2m2:22:44 pm[22m [36m[1m[vite][22m[39m [32mhmr update [39m[2m/src/pages/Dashboard.jsx, /src/index.css[22m
[2m2:22:47 pm[22m [36m[1m[vite][22m[39m [32mhmr update [39m[2m/src/pages/Dashboard.jsx, /src/index.css[22m
[2m2:22:49 pm[22m [36m[1m[vite][22m[39m [32mhmr update [39m[2m/src/pages/Dashboard.jsx, /src/index.css[22m
[2m2:23:14 pm[22m [36m[1m[vite][22m[39m [32mhmr update [39m[2m/src/pages/Dashboard.jsx, /src/index.css[22m
[2m2:23:16 pm[22m [36m[1m[vite][22m[39m [32mhmr update [39m[2m/src/pages/Dashboard.jsx, /src/index.css[22m
[2m2:23:20 pm[22m [36m[1m[vite][22m[39m [32mhmr update [39m[2m/src/pages/Dashboard.jsx, /src/index.css[22m
[2m2:23:25 pm[22m [36m[1m[vite][22m[39m [32mhmr update [39m[2m/src/pages/Dashboard.jsx, /src/index.css[22m
[2m2:23:29 pm[22m [36m[1m[vite][22m[39m [32mhmr update [39m[2m/src/pages/Dashboard.jsx, /src/index.css[22m
[2m2:23:34 pm[22m [36m[1m[vite][22m[39m [32mhmr update [39m[2m/src/pages/Dashboard.jsx, /src/index.css[22m
[2m2:23:39 pm[22m [36m[1m[vite][22m[39m [32mhmr update [39m[2m/src/pages/Dashboard.jsx, /src/index.css[22m
[2m2:23:43 pm[22m [36m[1m[vite][22m[39m [32mhmr update [39m[2m/src/pages/Dashboard.jsx, /src/index.css[22m
[2m2:23:49 pm[22m [36m[1m[vite][22m[39m [32mhmr update [39m[2m/src/pages/Dashboard.jsx, /src/index.css[22m
[2m2:23:54 pm[22m [36m[1m[vite][22m[39m [32mhmr update [39m[2m/src/pages/Dashboard.jsx, /src/index.css[22m
[2m2:23:57 pm[22m [36m[1m[vite][22m[39m [32mhmr update [39m[2m/src/pages/Dashboard.jsx, /src/index.css[22m
[2m2:24:00 pm[22m [36m[1m[vite][22m[39m [32mhmr update [39m[2m/src/pages/Dashboard.jsx, /src/index.css[22m
[2m2:24:03 pm[22m [36m[1m[vite][22m[39m [32mhmr update [39m[2m/src/pages/Dashboard.jsx, /src/index.css[22m
[2m2:25:04 pm[22m [36m[1m[vite][22m[39m [32mhmr update [39m[2m/src/pages/Dashboard.jsx, /src/index.css[22m
[2m2:25:06 pm[22m [36m[1m[vite][22m[39m [32mhmr update [39m[2m/src/pages/Dashboard.jsx, /src/index.css[22m
[2m2:27:29 pm[22m [36m[1m[vite][22m[39m [32mhmr update [39m[2m/src/pages/Dashboard.jsx, /src/index.css[22m
[2m2:51:23 pm[22m [36m[1m[vite][22m[39m [32mhmr update [39m[2m/src/pages/Dashboard.jsx, /src/index.css[22m
[2m2:51:27 pm[22m [36m[1m[vite][22m[39m [32mhmr update [39m[2m/src/pages/Dashboard.jsx, /src/index.css[22m
[2m2:51:29 pm[22m [36m[1m[vite][22m[39m [32mhmr update [39m[2m/src/pages/Dashboard.jsx, /src/index.css[22m
[2m2:51:32 pm[22m [36m[1m[vite][22m[39m [32mhmr update [39m[2m/src/pages/Dashboard.jsx, /src/index.css[22m
[2m2:51:36 pm[22m [36m[1m[vite][22m[39m [32mhmr update [39m[2m/src/pages/Dashboard.jsx, /src/index.css[22m
[2m2:51:44 pm[22m [36m[1m[vite][22m[39m [32mhmr update [39m[2m/src/pages/Dashboard.jsx, /src/index.css[22m
[2m2:52:28 pm[22m [36m[1m[vite][22m[39m [32mhmr update [39m[2m/src/pages/Dashboard.jsx, /src/index.css[22m
[2m2:52:30 pm[22m [36m[1m[vite][22m[39m [32mhmr update [39m[2m/src/pages/Dashboard.jsx, /src/index.css[22m
[2m2:52:32 pm[22m [36m[1m[vite][22m[39m [32mhmr update [39m[2m/src/pages/Dashboard.jsx, /src/index.css[22m
[2m2:52:47 pm[22m [36m[1m[vite][22m[39m [32mhmr update [39m[2m/src/pages/Dashboard.jsx, /src/index.css[22m
[2m2:52:53 pm[22m [36m[1m[vite][22m[39m [32mhmr update [39m[2m/src/pages/Dashboard.jsx, /src/index.css[22m
[2m2:52:54 pm[22m [36m[1m[vite][22m[39m [32mhmr update [39m[2m/src/pages/Dashboard.jsx, /src/index.css[22m
[2m2:53:38 pm[22m [36m[1m[vite][22m[39m [32mhmr update [39m[2m/src/pages/Dashboard.jsx, /src/index.css[22m
[2m2:53:58 pm[22m [36m[1m[vite][22m[39m [32mhmr update [39m[2m/src/pages/Dashboard.jsx, /src/index.css[22m
[2m2:54:55 pm[22m [36m[1m[vite][22m[39m [32mhmr update [39m[2m/src/pages/Dashboard.jsx, /src/index.css[22m
[2m2:55:24 pm[22m [36m[1m[vite][22m[39m [32mhmr update [39m[2m/src/pages/Dashboard.jsx, /src/index.css[22m
[2m2:55:31 pm[22m [36m[1m[vite][22m[39m [32mhmr update [39m[2m/src/pages/Dashboard.jsx, /src/index.css[22m
[2m2:55:45 pm[22m [36m[1m[vite][22m[39m [32mhmr update [39m[2m/src/pages/Dashboard.jsx, /src/index.css[22m
[2m2:55:47 pm[22m [36m[1m[vite][22m[39m [32mhmr update [39m[2m/src/pages/Dashboard.jsx, /src/index.css[22m
[2m3:02:50 pm[22m [36m[1m[vite][22m[39m [32mhmr update [39m[2m/src/pages/Dashboard.jsx, /src/index.css[22m
[2m3:02:58 pm[22m [36m[1m[vite][22m[39m [32mhmr update [39m[2m/src/pages/Dashboard.jsx, /src/index.css[22m
[2m3:03:02 pm[22m [36m[1m[vite][22m[39m [32mhmr update [39m[2m/src/pages/Dashboard.jsx, /src/index.css[22m
[2m3:03:09 pm[22m [36m[1m[vite][22m[39m [32mhmr update [39m[2m/src/pages/Dashboard.jsx, /src/index.css[22m
[2m3:03:11 pm[22m [36m[1m[vite][22m[39m [32mhmr update [39m[2m/src/pages/Dashboard.jsx, /src/index.css[22m
[2m3:03:17 pm[22m [36m[1m[vite][22m[39m [32mhmr update [39m[2m/src/pages/Dashboard.jsx, /src/index.css[22m
[2m3:03:22 pm[22m [36m[1m[vite][22m[39m [32mhmr update [39m[2m/src/pages/Dashboard.jsx, /src/index.css[22m
[2m3:03:28 pm[22m [36m[1m[vite][22m[39m [32mhmr update [39m[2m/src/pages/Dashboard.jsx, /src/index.css[22m
[2m3:03:32 pm[22m [36m[1m[vite][22m[39m [32mhmr update [39m[2m/src/pages/Dashboard.jsx, /src/index.css[22m
[2m3:04:13 pm[22m [36m[1m[vite][22m[39m [32mhmr update [39m[2m/src/pages/Dashboard.jsx, /src/index.css[22m
[2m3:04:21 pm[22m [36m[1m[vite][22m[39m [32mhmr update [39m[2m/src/pages/Dashboard.jsx, /src/index.css[22m
[2m3:04:29 pm[22m [36m[1m[vite][22m[39m [32mhmr update [39m[2m/src/pages/Dashboard.jsx, /src/index.css[22m
[2m3:04:40 pm[22m [36m[1m[vite][22m[39m [32mhmr update [39m[2m/src/pages/Dashboard.jsx, /src/index.css[22m
[2m3:15:51 pm[22m [36m[1m[vite][22m[39m [32mhmr update [39m[2m/src/pages/Dashboard.jsx, /src/index.css[22m
[2m3:15:52 pm[22m [36m[1m[vite][22m[39m [32mhmr update [39m[2m/src/pages/Dashboard.jsx, /src/index.css[22m
[2m3:16:09 pm[22m [36m[1m[vite][22m[39m [32mhmr update [39m[2m/src/pages/Dashboard.jsx, /src/index.css[22m
[2m3:16:10 pm[22m [36m[1m[vite][22m[39m [32mhmr update [39m[2m/src/pages/Dashboard.jsx, /src/index.css[22m
[2m3:16:14 pm[22m [36m[1m[vite][22m[39m [32mhmr update [39m[2m/src/pages/Dashboard.jsx, /src/index.css[22m
[2m3:16:42 pm[22m [36m[1m[vite][22m[39m [32mhmr update [39m[2m/src/pages/Dashboard.jsx, /src/index.css[22m
[2m3:59:30 pm[22m [36m[1m[vite][22m[39m [32mhmr update [39m[2m/src/pages/Dashboard.jsx, /src/index.css[22m
[2m3:59:33 pm[22m [36m[1m[vite][22m[39m [32mhmr update [39m[2m/src/pages/Dashboard.jsx, /src/index.css[22m
[2m4:03:31 pm[22m [36m[1m[vite][22m[39m [32mhmr update [39m[2m/src/components/MainLayout.jsx, /src/index.css[22m
[2m4:03:39 pm[22m [36m[1m[vite][22m[39m [32mhmr update [39m[2m/src/components/MainLayout.jsx, /src/index.css[22m
[2m4:03:49 pm[22m [36m[1m[vite][22m[39m [32mhmr update [39m[2m/src/components/MainLayout.jsx, /src/index.css[22m
[2m4:04:00 pm[22m [36m[1m[vite][22m[39m [32mhmr update [39m[2m/src/components/MainLayout.jsx, /src/index.css[22m
[2m4:04:02 pm[22m [36m[1m[vite][22m[39m [32mhmr update [39m[2m/src/components/MainLayout.jsx, /src/index.css[22m
[2m4:04:04 pm[22m [36m[1m[vite][22m[39m [32mhmr update [39m[2m/src/components/MainLayout.jsx, /src/index.css[22m
[2m4:04:30 pm[22m [36m[1m[vite][22m[39m [32mhmr update [39m[2m/src/components/MainLayout.jsx, /src/index.css[22m
[2m4:04:31 pm[22m [36m[1m[vite][22m[39m [32mhmr update [39m[2m/src/components/MainLayout.jsx, /src/index.css[22m
[2m4:04:33 pm[22m [36m[1m[vite][22m[39m [32mhmr update [39m[2m/src/components/MainLayout.jsx, /src/index.css[22m
[2m4:04:41 pm[22m [36m[1m[vite][22m[39m [32mhmr update [39m[2m/src/components/MainLayout.jsx, /src/index.css[22m
[2m4:06:34 pm[22m [36m[1m[vite][22m[39m [32mhmr update [39m[2m/src/components/MainLayout.jsx, /src/index.css[22m
[2m4:06:38 pm[22m [36m[1m[vite][22m[39m [32mhmr update [39m[2m/src/components/MainLayout.jsx, /src/index.css[22m
[2m4:06:39 pm[22m [36m[1m[vite][22m[39m [32mhmr update [39m[2m/src/components/MainLayout.jsx, /src/index.css[22m
[2m4:06:43 pm[22m [36m[1m[vite][22m[39m [32mhmr update [39m[2m/src/components/MainLayout.jsx, /src/index.css[22m
[2m4:06:45 pm[22m [36m[1m[vite][22m[39m [32mhmr update [39m[2m/src/components/MainLayout.jsx, /src/index.css[22m
[2m4:08:01 pm[22m [36m[1m[vite][22m[39m [32mhmr update [39m[2m/src/pages/Dashboard.jsx, /src/index.css[22m
[2m4:08:03 pm[22m [36m[1m[vite][22m[39m [32mhmr update [39m[2m/src/pages/Dashboard.jsx, /src/index.css[22m
[2m4:08:10 pm[22m [36m[1m[vite][22m[39m [32mhmr update [39m[2m/src/pages/Dashboard.jsx, /src/index.css[22m
[2m4:08:13 pm[22m [36m[1m[vite][22m[39m [32mhmr update [39m[2m/src/pages/Dashboard.jsx, /src/index.css[22m
[2m4:08:16 pm[22m [36m[1m[vite][22m[39m [32mhmr update [39m[2m/src/pages/Dashboard.jsx, /src/index.css[22m
[2m4:08:18 pm[22m [36m[1m[vite][22m[39m [32mhmr update [39m[2m/src/pages/Dashboard.jsx, /src/index.css[22m
[2m4:08:21 pm[22m [36m[1m[vite][22m[39m [32mhmr update [39m[2m/src/pages/Dashboard.jsx, /src/index.css[22m
[2m4:08:24 pm[22m [36m[1m[vite][22m[39m [32mhmr update [39m[2m/src/pages/Dashboard.jsx, /src/index.css[22m
[2m4:08:27 pm[22m [36m[1m[vite][22m[39m [32mhmr update [39m[2m/src/pages/Dashboard.jsx, /src/index.css[22m
[2m4:08:36 pm[22m [36m[1m[vite][22m[39m [32mhmr update [39m[2m/src/pages/Dashboard.jsx, /src/index.css[22m
[2m4:08:38 pm[22m [36m[1m[vite][22m[39m [32mhmr update [39m[2m/src/pages/Dashboard.jsx, /src/index.css[22m
[2m4:08:42 pm[22m [36m[1m[vite][22m[39m [32mhmr update [39m[2m/src/pages/Dashboard.jsx, /src/index.css[22m
[2m4:08:45 pm[22m [36m[1m[vite][22m[39m [32mhmr update [39m[2m/src/pages/Dashboard.jsx, /src/index.css[22m
[2m4:08:47 pm[22m [36m[1m[vite][22m[39m [32mhmr update [39m[2m/src/pages/Dashboard.jsx, /src/index.css[22m
[2m4:08:52 pm[22m [36m[1m[vite][22m[39m [32mhmr update [39m[2m/src/pages/Dashboard.jsx, /src/index.css[22m
[2m4:16:38 pm[22m [36m[1m[vite][22m[39m [32mhmr update [39m[2m/src/pages/Dashboard.jsx, /src/index.css[22m
[2m4:39:01 pm[22m [36m[1m[vite][22m[39m [32mhmr update [39m[2m/src/components/MainLayout.jsx, /src/index.css[22m
[2m4:39:01 pm[22m [36m[1m[vite][22m[39m [32mhmr update [39m[2m/src/pages/Dashboard.jsx, /src/index.css[22m
[2m4:39:01 pm[22m [36m[1m[vite][22m[39m [32mhmr update [39m[2m/src/components/MainLayout.jsx, /src/index.css[22m
[2m4:39:01 pm[22m [36m[1m[vite][22m[39m [32mhmr update [39m[2m/src/pages/Profile.jsx, /src/index.css[22m
