[INFO] Scanning for projects...
[INFO] 
[INFO] -----------------< com.expensetracker:expense-tracker >-----------------
[INFO] Building expense-tracker 0.0.1-SNAPSHOT
[INFO]   from pom.xml
[INFO] --------------------------------[ jar ]---------------------------------
[INFO] 
[INFO] >>> spring-boot:3.3.2:run (default-cli) > test-compile @ expense-tracker >>>
[INFO] 
[INFO] --- resources:3.3.1:resources (default-resources) @ expense-tracker ---
[INFO] Copying 1 resource from src\main\resources to target\classes
[INFO] Copying 0 resource from src\main\resources to target\classes
[INFO] 
[INFO] --- compiler:3.13.0:compile (default-compile) @ expense-tracker ---
[INFO] Nothing to compile - all classes are up to date.
[INFO] 
[INFO] --- resources:3.3.1:testResources (default-testResources) @ expense-tracker ---
[INFO] skip non existing resourceDirectory C:\Users\tumma\OneDrive\Documents\expense-tracker-v2\backend\src\test\resources
[INFO] 
[INFO] --- compiler:3.13.0:testCompile (default-testCompile) @ expense-tracker ---
[INFO] Nothing to compile - all classes are up to date.
[INFO] 
[INFO] <<< spring-boot:3.3.2:run (default-cli) < test-compile @ expense-tracker <<<
[INFO] 
[INFO] 
[INFO] --- spring-boot:3.3.2:run (default-cli) @ expense-tracker ---
[INFO] Attaching agents: []

  .   ____          _            __ _ _
 /\\ / ___'_ __ _ _(_)_ __  __ _ \ \ \ \
( ( )\___ | '_ | '_| | '_ \/ _` | \ \ \ \
 \\/  ___)| |_)| | | | | || (_| |  ) ) ) )
  '  |____| .__|_| |_|_| |_\__, | / / / /
 =========|_|==============|___/=/_/_/_/

 :: Spring Boot ::                (v3.3.2)

2026-07-09T16:48:27.156+05:30  INFO 9108 --- [expense-tracker] [           main] c.e.ExpenseTrackerApplication            : Starting ExpenseTrackerApplication using Java 21.0.2 with PID 9108 (C:\Users\tumma\OneDrive\Documents\expense-tracker-v2\backend\target\classes started by tumma in C:\Users\tumma\OneDrive\Documents\expense-tracker-v2\backend)
2026-07-09T16:48:27.161+05:30  INFO 9108 --- [expense-tracker] [           main] c.e.ExpenseTrackerApplication            : No active profile set, falling back to 1 default profile: "default"
2026-07-09T16:48:29.110+05:30  INFO 9108 --- [expense-tracker] [           main] .s.d.r.c.RepositoryConfigurationDelegate : Bootstrapping Spring Data JPA repositories in DEFAULT mode.
2026-07-09T16:48:29.294+05:30  INFO 9108 --- [expense-tracker] [           main] .s.d.r.c.RepositoryConfigurationDelegate : Finished Spring Data repository scanning in 168 ms. Found 6 JPA repository interfaces.
2026-07-09T16:48:30.987+05:30  INFO 9108 --- [expense-tracker] [           main] o.s.b.w.embedded.tomcat.TomcatWebServer  : Tomcat initialized with port 8080 (http)
2026-07-09T16:48:31.025+05:30  INFO 9108 --- [expense-tracker] [           main] o.apache.catalina.core.StandardService   : Starting service [Tomcat]
2026-07-09T16:48:31.026+05:30  INFO 9108 --- [expense-tracker] [           main] o.apache.catalina.core.StandardEngine    : Starting Servlet engine: [Apache Tomcat/10.1.26]
2026-07-09T16:48:31.185+05:30  INFO 9108 --- [expense-tracker] [           main] o.a.c.c.C.[Tomcat].[localhost].[/]       : Initializing Spring embedded WebApplicationContext
2026-07-09T16:48:31.192+05:30  INFO 9108 --- [expense-tracker] [           main] w.s.c.ServletWebServerApplicationContext : Root WebApplicationContext: initialization completed in 3921 ms
2026-07-09T16:48:31.523+05:30  INFO 9108 --- [expense-tracker] [           main] o.hibernate.jpa.internal.util.LogHelper  : HHH000204: Processing PersistenceUnitInfo [name: default]
2026-07-09T16:48:31.706+05:30  INFO 9108 --- [expense-tracker] [           main] org.hibernate.Version                    : HHH000412: Hibernate ORM core version 6.5.2.Final
2026-07-09T16:48:31.806+05:30  INFO 9108 --- [expense-tracker] [           main] o.h.c.internal.RegionFactoryInitiator    : HHH000026: Second-level cache disabled
2026-07-09T16:48:32.591+05:30  INFO 9108 --- [expense-tracker] [           main] o.s.o.j.p.SpringPersistenceUnitInfo      : No LoadTimeWeaver setup: ignoring JPA class transformer
2026-07-09T16:48:32.677+05:30  INFO 9108 --- [expense-tracker] [           main] com.zaxxer.hikari.HikariDataSource       : HikariPool-1 - Starting...
2026-07-09T16:48:33.064+05:30  INFO 9108 --- [expense-tracker] [           main] com.zaxxer.hikari.pool.HikariPool        : HikariPool-1 - Added connection org.postgresql.jdbc.PgConnection@3a588b5f
2026-07-09T16:48:33.070+05:30  INFO 9108 --- [expense-tracker] [           main] com.zaxxer.hikari.HikariDataSource       : HikariPool-1 - Start completed.
2026-07-09T16:48:35.928+05:30  INFO 9108 --- [expense-tracker] [           main] o.h.e.t.j.p.i.JtaPlatformInitiator       : HHH000489: No JTA platform available (set 'hibernate.transaction.jta.platform' to enable JTA platform integration)
Hibernate: 
    alter table if exists notifications 
       add column is_read boolean
2026-07-09T16:48:39.756+05:30  INFO 9108 --- [expense-tracker] [           main] j.LocalContainerEntityManagerFactoryBean : Initialized JPA EntityManagerFactory for persistence unit 'default'
2026-07-09T16:48:40.978+05:30  WARN 9108 --- [expense-tracker] [           main] JpaBaseConfiguration$JpaWebConfiguration : spring.jpa.open-in-view is enabled by default. Therefore, database queries may be performed during view rendering. Explicitly configure spring.jpa.open-in-view to disable this warning
2026-07-09T16:48:41.027+05:30  WARN 9108 --- [expense-tracker] [           main] .s.s.UserDetailsServiceAutoConfiguration : 

Using generated security password: 80dd75a3-3439-4e59-b294-d7263c74e930

This generated password is for development use only. Your security configuration must be updated before running your application in production.

2026-07-09T16:48:41.046+05:30  INFO 9108 --- [expense-tracker] [           main] r$InitializeUserDetailsManagerConfigurer : Global AuthenticationManager configured with UserDetailsService bean with name inMemoryUserDetailsManager
2026-07-09T16:48:42.102+05:30  WARN 9108 --- [expense-tracker] [           main] ConfigServletWebServerApplicationContext : Exception encountered during context initialization - cancelling refresh attempt: org.springframework.context.ApplicationContextException: Failed to start bean 'webServerStartStop'
2026-07-09T16:48:42.113+05:30  INFO 9108 --- [expense-tracker] [           main] j.LocalContainerEntityManagerFactoryBean : Closing JPA EntityManagerFactory for persistence unit 'default'
2026-07-09T16:48:42.119+05:30  INFO 9108 --- [expense-tracker] [           main] com.zaxxer.hikari.HikariDataSource       : HikariPool-1 - Shutdown initiated...
2026-07-09T16:48:42.142+05:30  INFO 9108 --- [expense-tracker] [           main] com.zaxxer.hikari.HikariDataSource       : HikariPool-1 - Shutdown completed.
2026-07-09T16:48:42.163+05:30  INFO 9108 --- [expense-tracker] [           main] .s.b.a.l.ConditionEvaluationReportLogger : 

Error starting ApplicationContext. To display the condition evaluation report re-run your application with 'debug' enabled.
2026-07-09T16:48:42.196+05:30 ERROR 9108 --- [expense-tracker] [           main] o.s.b.d.LoggingFailureAnalysisReporter   : 

***************************
APPLICATION FAILED TO START
***************************

Description:

Web server failed to start. Port 8080 was already in use.

Action:

Identify and stop the process that's listening on port 8080 or configure this application to listen on another port.

[INFO] ------------------------------------------------------------------------
[INFO] BUILD FAILURE
[INFO] ------------------------------------------------------------------------
[INFO] Total time:  22.304 s
[INFO] Finished at: 2026-07-09T16:48:42+05:30
[INFO] ------------------------------------------------------------------------
[ERROR] Failed to execute goal org.springframework.boot:spring-boot-maven-plugin:3.3.2:run (default-cli) on project expense-tracker: Process terminated with exit code: 1 -> [Help 1]
[ERROR] 
[ERROR] To see the full stack trace of the errors, re-run Maven with the -e switch.
[ERROR] Re-run Maven using the -X switch to enable full debug logging.
[ERROR] 
[ERROR] For more information about the errors and possible solutions, please read the following articles:
[ERROR] [Help 1] http://cwiki.apache.org/confluence/display/MAVEN/MojoExecutionException
